2025-04-01 00:17:03,601 [INFO] Loaded successfully for Zip Code: 20001
2025-04-01 00:17:09,394 [INFO] Provider pop-up container not found for electric.
2025-04-01 00:17:09,408 [INFO] No provider pop-up present for electric.
2025-04-01 00:17:11,691 [INFO] No 'View More' button found.
2025-04-01 00:17:11,921 [INFO] Visible cards: 5
2025-04-01 00:17:12,559 [INFO] Data successfully written to file Output_04012025.xlsx
2025-04-01 00:17:18,470 [INFO] Loaded successfully for Zip Code: 19940
2025-04-01 00:17:23,728 [INFO] Provider pop-up container not found for electric.
2025-04-01 00:17:23,730 [INFO] No provider pop-up present for electric.
2025-04-01 00:17:25,778 [INFO] No 'View More' button found.
2025-04-01 00:17:25,837 [INFO] Visible cards: 5
2025-04-01 00:17:26,278 [INFO] Data successfully written to file Output_04012025.xlsx
2025-04-01 00:17:33,093 [INFO] Loaded successfully for Zip Code: 61401
2025-04-01 00:17:33,319 [INFO] For Zip Code 61401, utility found is: Ameren
2025-04-01 00:17:34,426 [INFO] Clicked provider radio button for utility: Ameren
2025-04-01 00:17:39,640 [INFO] No 'Not Interested' button present, continuing.
2025-04-01 00:17:43,099 [INFO] No 'View More' button found.
2025-04-01 00:17:44,242 [INFO] Visible cards: 6
2025-04-01 00:17:44,828 [INFO] Data successfully written to file Output_04012025.xlsx
2025-04-01 00:17:52,061 [INFO] Loaded successfully for Zip Code: 61525
2025-04-01 00:17:57,365 [INFO] Provider pop-up container not found for electric.
2025-04-01 00:17:57,366 [INFO] No provider pop-up present for electric.
2025-04-01 00:17:59,405 [INFO] No 'View More' button found.
2025-04-01 00:17:59,578 [INFO] Visible cards: 6
2025-04-01 00:18:00,421 [INFO] Data successfully written to file Output_04012025.xlsx
2025-04-01 00:18:07,406 [INFO] Loaded successfully for Zip Code: 62236
2025-04-01 00:18:07,856 [INFO] For Zip Code 62236, utility found is: Ameren
2025-04-01 00:18:08,955 [INFO] Clicked provider radio button for utility: Ameren
2025-04-01 00:18:14,108 [INFO] No 'Not Interested' button present, continuing.
2025-04-01 00:18:17,574 [INFO] No 'View More' button found.
2025-04-01 00:18:17,768 [INFO] Visible cards: 6
2025-04-01 00:18:18,893 [INFO] Data successfully written to file Output_04012025.xlsx
2025-04-01 00:18:25,701 [INFO] Loaded successfully for Zip Code: 62555
2025-04-01 00:18:30,970 [INFO] Provider pop-up container not found for electric.
2025-04-01 00:18:30,971 [INFO] No provider pop-up present for electric.
2025-04-01 00:18:33,074 [INFO] No 'View More' button found.
2025-04-01 00:18:33,204 [INFO] Visible cards: 6
2025-04-01 00:18:33,899 [INFO] Data successfully written to file Output_04012025.xlsx
2025-04-01 00:18:40,775 [INFO] Loaded successfully for Zip Code: 60668
2025-04-01 00:18:46,080 [INFO] Provider pop-up container not found for electric.
2025-04-01 00:18:46,081 [INFO] No provider pop-up present for electric.
2025-04-01 00:18:48,144 [INFO] No 'View More' button found.
2025-04-01 00:18:48,298 [INFO] Visible cards: 5
2025-04-01 00:18:49,198 [INFO] Data successfully written to file Output_04012025.xlsx
2025-04-01 00:18:55,761 [INFO] Loaded successfully for Zip Code: 02119
2025-04-01 00:19:00,916 [INFO] Provider pop-up container not found for electric.
2025-04-01 00:19:00,916 [INFO] No provider pop-up present for electric.
2025-04-01 00:19:02,983 [INFO] No 'View More' button found.
2025-04-01 00:19:03,132 [INFO] Visible cards: 0
2025-04-01 00:19:03,133 [ERROR] No data extracted for Zip Code: 02119
2025-04-01 00:19:09,196 [INFO] Loaded successfully for Zip Code: 01072
2025-04-01 00:19:14,207 [INFO] Provider pop-up container not found for electric.
2025-04-01 00:19:14,208 [INFO] No provider pop-up present for electric.
2025-04-01 00:19:16,323 [INFO] No 'View More' button found.
2025-04-01 00:19:19,890 [INFO] Visible cards: 6
2025-04-01 00:19:20,828 [INFO] Data successfully written to file Output_04012025.xlsx
2025-04-01 00:19:28,195 [INFO] Loaded successfully for Zip Code: 03251
2025-04-01 00:19:33,339 [INFO] Provider pop-up container not found for electric.
2025-04-01 00:19:33,340 [INFO] No provider pop-up present for electric.
2025-04-01 00:19:35,409 [INFO] No 'View More' button found.
2025-04-01 00:20:05,629 [ERROR] No plan cards found.
2025-04-01 00:20:12,470 [INFO] Loaded successfully for Zip Code: 08501
2025-04-01 00:20:12,690 [INFO] For Zip Code 08501, utility found is: Jersey Central Power and Light
2025-04-01 00:20:13,762 [INFO] Clicked provider radio button for utility: Jersey Central Power and Light
2025-04-01 00:20:13,971 [INFO] Clicked 'Not Interested' for gas.
2025-04-01 00:20:17,437 [INFO] No 'View More' button found.
2025-04-01 00:20:17,548 [INFO] Visible cards: 4
2025-04-01 00:20:18,402 [INFO] Data successfully written to file Output_04012025.xlsx
2025-04-01 00:20:25,304 [INFO] Loaded successfully for Zip Code: 08401
2025-04-01 00:20:30,668 [INFO] Provider pop-up container not found for electric.
2025-04-01 00:20:30,670 [INFO] No provider pop-up present for electric.
2025-04-01 00:20:32,727 [INFO] No 'View More' button found.
2025-04-01 00:20:32,844 [INFO] Visible cards: 4
2025-04-01 00:20:33,211 [INFO] Data successfully written to file Output_04012025.xlsx
2025-04-01 00:20:40,025 [INFO] Loaded successfully for Zip Code: 07002
2025-04-01 00:20:45,268 [INFO] Provider pop-up container not found for electric.
2025-04-01 00:20:45,268 [INFO] No provider pop-up present for electric.
2025-04-01 00:20:47,397 [INFO] No 'View More' button found.
2025-04-01 00:20:47,503 [INFO] Visible cards: 4
2025-04-01 00:20:48,032 [INFO] Data successfully written to file Output_04012025.xlsx
2025-04-01 00:20:54,545 [INFO] Loaded successfully for Zip Code: 07430
2025-04-01 00:20:59,850 [INFO] Provider pop-up container not found for electric.
2025-04-01 00:20:59,850 [INFO] No provider pop-up present for electric.
2025-04-01 00:21:01,916 [INFO] No 'View More' button found.
2025-04-01 00:21:02,104 [INFO] Visible cards: 4
2025-04-01 00:21:02,488 [INFO] Data successfully written to file Output_04012025.xlsx
2025-04-01 00:21:30,012 [INFO] Loaded successfully for Zip Code: 43006
2025-04-01 00:21:35,238 [INFO] Provider pop-up container not found for electric.
2025-04-01 00:21:35,239 [INFO] No provider pop-up present for electric.
2025-04-01 00:21:37,319 [INFO] No 'View More' button found.
2025-04-01 00:22:07,393 [ERROR] No plan cards found.
2025-04-01 00:22:14,101 [INFO] Loaded successfully for Zip Code: 45899
2025-04-01 00:22:19,420 [INFO] Provider pop-up container not found for electric.
2025-04-01 00:22:19,420 [INFO] No provider pop-up present for electric.
2025-04-01 00:22:21,477 [INFO] No 'View More' button found.
2025-04-01 00:22:21,559 [INFO] Visible cards: 5
2025-04-01 00:22:22,180 [INFO] Data successfully written to file Output_04012025.xlsx
2025-04-01 00:22:28,318 [INFO] Loaded successfully for Zip Code: 45745
2025-04-01 00:22:33,741 [INFO] Provider pop-up container not found for electric.
2025-04-01 00:22:33,741 [INFO] No provider pop-up present for electric.
2025-04-01 00:22:35,805 [INFO] No 'View More' button found.
2025-04-01 00:22:35,909 [INFO] Visible cards: 5
2025-04-01 00:22:36,368 [INFO] Data successfully written to file Output_04012025.xlsx
2025-04-01 00:22:42,863 [INFO] Loaded successfully for Zip Code: 44212
2025-04-01 00:22:48,148 [INFO] Provider pop-up container not found for electric.
2025-04-01 00:22:48,149 [INFO] No provider pop-up present for electric.
2025-04-01 00:22:50,226 [INFO] No 'View More' button found.
2025-04-01 00:22:50,441 [INFO] Visible cards: 6
2025-04-01 00:22:50,968 [INFO] Data successfully written to file Output_04012025.xlsx
2025-04-01 00:22:57,425 [INFO] Loaded successfully for Zip Code: 44030
2025-04-01 00:23:02,876 [INFO] Provider pop-up container not found for electric.
2025-04-01 00:23:02,877 [INFO] No provider pop-up present for electric.
2025-04-01 00:23:04,952 [INFO] No 'View More' button found.
2025-04-01 00:23:05,109 [INFO] Visible cards: 5
2025-04-01 00:23:06,357 [INFO] Data successfully written to file Output_04012025.xlsx
2025-04-01 00:23:13,453 [INFO] Loaded successfully for Zip Code: 45039
2025-04-01 00:23:18,545 [INFO] Provider pop-up container not found for electric.
2025-04-01 00:23:18,546 [INFO] No provider pop-up present for electric.
2025-04-01 00:23:20,616 [INFO] No 'View More' button found.
2025-04-01 00:23:20,714 [INFO] Visible cards: 5
2025-04-01 00:23:21,165 [INFO] Data successfully written to file Output_04012025.xlsx
2025-04-01 00:23:27,625 [INFO] Loaded successfully for Zip Code: 43608
2025-04-01 00:23:32,929 [INFO] Provider pop-up container not found for electric.
2025-04-01 00:23:32,930 [INFO] No provider pop-up present for electric.
2025-04-01 00:23:34,992 [INFO] No 'View More' button found.
2025-04-01 00:23:35,109 [INFO] Visible cards: 6
2025-04-01 00:23:35,635 [INFO] Data successfully written to file Output_04012025.xlsx
2025-04-01 00:23:42,317 [INFO] Loaded successfully for Zip Code: 15904
2025-04-01 00:23:47,538 [INFO] Provider pop-up container not found for electric.
2025-04-01 00:23:47,538 [INFO] No provider pop-up present for electric.
2025-04-01 00:23:49,595 [INFO] No 'View More' button found.
2025-04-01 00:23:49,658 [INFO] Visible cards: 6
2025-04-01 00:23:50,271 [INFO] Data successfully written to file Output_04012025.xlsx
2025-04-01 00:23:56,876 [INFO] Loaded successfully for Zip Code: 15031
2025-04-01 00:24:02,283 [INFO] Provider pop-up container not found for electric.
2025-04-01 00:24:02,283 [INFO] No provider pop-up present for electric.
2025-04-01 00:24:04,360 [INFO] No 'View More' button found.
2025-04-01 00:24:04,490 [INFO] Visible cards: 6
2025-04-01 00:24:05,056 [INFO] Data successfully written to file Output_04012025.xlsx
2025-04-01 00:24:11,355 [INFO] Loaded successfully for Zip Code: 19516
2025-04-01 00:24:16,855 [INFO] Provider pop-up container not found for electric.
2025-04-01 00:24:16,855 [INFO] No provider pop-up present for electric.
2025-04-01 00:24:18,912 [INFO] No 'View More' button found.
2025-04-01 00:24:19,063 [INFO] Visible cards: 6
2025-04-01 00:24:19,880 [INFO] Data successfully written to file Output_04012025.xlsx
2025-04-01 00:24:26,406 [INFO] Loaded successfully for Zip Code: 17001
2025-04-01 00:24:31,764 [INFO] Provider pop-up container not found for electric.
2025-04-01 00:24:31,765 [INFO] No provider pop-up present for electric.
2025-04-01 00:24:33,824 [INFO] No 'View More' button found.
2025-04-01 00:24:33,906 [INFO] Visible cards: 6
2025-04-01 00:24:34,440 [INFO] Data successfully written to file Output_04012025.xlsx
2025-04-01 00:24:40,617 [INFO] Loaded successfully for Zip Code: 19104
2025-04-01 00:24:41,091 [INFO] For Zip Code 19104, utility found is: Peco Electricity
2025-04-01 00:24:42,223 [INFO] Clicked provider radio button for utility: Peco Electricity
2025-04-01 00:24:47,464 [INFO] No 'Not Interested' button present, continuing.
2025-04-01 00:24:50,870 [INFO] No 'View More' button found.
2025-04-01 00:24:51,467 [INFO] Visible cards: 6
2025-04-01 00:24:52,110 [INFO] Data successfully written to file Output_04012025.xlsx
2025-04-01 00:24:58,161 [INFO] Loaded successfully for Zip Code: 16124
2025-04-01 00:25:03,267 [INFO] Provider pop-up container not found for electric.
2025-04-01 00:25:03,268 [INFO] No provider pop-up present for electric.
2025-04-01 00:25:05,315 [INFO] No 'View More' button found.
2025-04-01 00:25:05,386 [INFO] Visible cards: 6
2025-04-01 00:25:06,079 [INFO] Data successfully written to file Output_04012025.xlsx
2025-04-01 00:25:12,685 [INFO] Loaded successfully for Zip Code: 15001
2025-04-01 00:25:17,824 [INFO] Provider pop-up container not found for electric.
2025-04-01 00:25:17,824 [INFO] No provider pop-up present for electric.
2025-04-01 00:25:19,495 [INFO] Clicked 'View More' button.
2025-04-01 00:25:22,557 [INFO] No 'View More' button found.
2025-04-01 00:25:22,746 [INFO] Visible cards: 7
2025-04-01 00:25:23,707 [INFO] Data successfully written to file Output_04012025.xlsx
2025-04-01 00:25:30,297 [INFO] Loaded successfully for Zip Code: 07083
2025-04-01 00:25:30,648 [INFO] For Zip Code 07083, gas utility found is: Elizabethtown Gas
2025-04-01 00:25:31,764 [INFO] Clicked provider radio button for gas utility: Elizabethtown Gas
2025-04-01 00:25:31,970 [INFO] Clicked 'Not Interested' for electricity.
2025-04-01 00:25:38,738 [INFO] No 'Natural Gas' tab found.
2025-04-01 00:25:40,840 [INFO] No 'View More' button found.
2025-04-01 00:25:40,918 [INFO] Visible cards: 3
2025-04-01 00:25:41,247 [INFO] Data successfully written to file Output_04012025.xlsx
2025-04-01 00:25:48,180 [INFO] Loaded successfully for Zip Code: 02903
2025-04-01 00:25:53,508 [INFO] Provider pop-up container not found for electric.
2025-04-01 00:25:53,509 [INFO] No provider pop-up present for electric.
2025-04-01 00:25:55,592 [INFO] No 'View More' button found.
2025-04-01 00:25:55,648 [INFO] Visible cards: 3
2025-04-01 00:25:55,984 [INFO] Data successfully written to file Output_04012025.xlsx
2025-04-01 00:26:02,646 [INFO] Loaded successfully for Zip Code: 06001
2025-04-01 00:26:07,756 [INFO] Provider pop-up container not found for electric.
2025-04-01 00:26:07,756 [INFO] No provider pop-up present for electric.
2025-04-01 00:26:09,031 [INFO] Clicked 'View More' button.
2025-04-01 00:26:12,186 [INFO] No 'View More' button found.
2025-04-01 00:26:12,294 [INFO] Visible cards: 8
2025-04-01 00:26:13,090 [INFO] Data successfully written to file Output_04012025.xlsx
2025-04-01 00:26:19,939 [INFO] Loaded successfully for Zip Code: 01520
2025-04-01 00:26:25,374 [INFO] Provider pop-up container not found for gas.
2025-04-01 00:26:25,375 [INFO] No provider pop-up present for gas.
2025-04-01 00:26:30,566 [INFO] No 'Natural Gas' tab found.
2025-04-01 00:26:32,606 [INFO] No 'View More' button found.
2025-04-01 00:27:02,672 [ERROR] No plan cards found.
2025-04-01 00:27:09,455 [INFO] Loaded successfully for Zip Code: 06006
2025-04-01 00:27:09,576 [INFO] For Zip Code 06006, utility found is: United Illuminating Company
2025-04-01 00:27:10,671 [INFO] Clicked provider radio button for utility: United Illuminating Company
2025-04-01 00:27:15,923 [INFO] No 'Not Interested' button present, continuing.
2025-04-01 00:27:19,328 [INFO] No 'View More' button found.
2025-04-01 00:27:19,794 [INFO] Visible cards: 6
2025-04-01 00:27:20,435 [INFO] Data successfully written to file Output_04012025.xlsx
2025-04-01 00:27:27,410 [INFO] Loaded successfully for Zip Code: 17222
2025-04-01 00:27:27,601 [INFO] For Zip Code 17222, gas utility found is: Columbia Gas of Pennsylvania
2025-04-01 00:27:28,679 [INFO] Clicked provider radio button for gas utility: Columbia Gas of Pennsylvania
2025-04-01 00:27:28,829 [INFO] Clicked 'Not Interested' for electricity.
2025-04-01 00:27:35,138 [INFO] No 'Natural Gas' tab found.
2025-04-01 00:27:37,215 [INFO] No 'View More' button found.
2025-04-01 00:27:37,294 [INFO] Visible cards: 4
2025-04-01 00:27:37,658 [INFO] Data successfully written to file Output_04012025.xlsx
2025-04-01 00:27:44,524 [INFO] Loaded successfully for Zip Code: 48001
2025-04-01 00:27:44,686 [INFO] For Zip Code 48001, gas utility found is: Consumers Energy
2025-04-01 00:27:45,782 [INFO] Clicked provider radio button for gas utility: Consumers Energy
2025-04-01 00:27:51,011 [INFO] No 'Not Interested' button present, continuing.
2025-04-01 00:27:57,455 [INFO] No 'Natural Gas' tab found.
2025-04-01 00:27:59,520 [INFO] No 'View More' button found.
2025-04-01 00:27:59,576 [INFO] Visible cards: 4
2025-04-01 00:27:59,930 [INFO] Data successfully written to file Output_04012025.xlsx
2025-04-01 00:28:06,771 [INFO] Loaded successfully for Zip Code: 48001
2025-04-01 00:28:06,975 [INFO] For Zip Code 48001, gas utility found is: DTE Gas
2025-04-01 00:28:08,101 [INFO] Clicked provider radio button for gas utility: DTE Gas
2025-04-01 00:28:13,352 [INFO] No 'Not Interested' button present, continuing.
2025-04-01 00:28:19,785 [INFO] No 'Natural Gas' tab found.
2025-04-01 00:28:21,834 [INFO] No 'View More' button found.
2025-04-01 00:28:21,927 [INFO] Visible cards: 4
2025-04-01 00:28:22,530 [INFO] Data successfully written to file Output_04012025.xlsx
2025-04-01 00:28:28,700 [INFO] Loaded successfully for Zip Code: 07701
2025-04-01 00:28:33,797 [INFO] Provider pop-up container not found for gas.
2025-04-01 00:28:33,797 [INFO] No provider pop-up present for gas.
2025-04-01 00:28:35,075 [INFO] Clicked 'Natural Gas' tab.
2025-04-01 00:28:38,145 [INFO] No 'View More' button found.
2025-04-01 00:28:38,288 [INFO] Visible cards: 4
2025-04-01 00:28:38,956 [INFO] Data successfully written to file Output_04012025.xlsx
2025-04-01 00:28:45,727 [INFO] Loaded successfully for Zip Code: 08001
2025-04-01 00:28:51,119 [INFO] Provider pop-up container not found for gas.
2025-04-01 00:28:51,120 [INFO] No provider pop-up present for gas.
2025-04-01 00:28:51,505 [INFO] Clicked 'Natural Gas' tab.
2025-04-01 00:28:54,627 [INFO] No 'View More' button found.
2025-04-01 00:28:54,767 [INFO] Visible cards: 4
2025-04-01 00:28:55,195 [INFO] Data successfully written to file Output_04012025.xlsx
2025-04-01 00:29:01,375 [INFO] Loaded successfully for Zip Code: 18974
2025-04-01 00:29:01,544 [INFO] For Zip Code 18974, gas utility found is: Peco Electricity
2025-04-01 00:29:02,663 [INFO] Clicked provider radio button for gas utility: Peco Electricity
2025-04-01 00:29:02,880 [INFO] Clicked 'Not Interested' for electricity.
2025-04-01 00:29:09,631 [INFO] No 'Natural Gas' tab found.
2025-04-01 00:29:11,712 [INFO] No 'View More' button found.
2025-04-01 00:29:11,774 [INFO] Visible cards: 3
2025-04-01 00:29:12,103 [INFO] Data successfully written to file Output_04012025.xlsx
2025-04-01 00:29:18,048 [INFO] Loaded successfully for Zip Code: 18411
2025-04-01 00:29:23,250 [INFO] Provider pop-up container not found for gas.
2025-04-01 00:29:23,251 [INFO] No provider pop-up present for gas.
2025-04-01 00:29:24,264 [INFO] Clicked 'Natural Gas' tab.
2025-04-01 00:29:27,339 [INFO] No 'View More' button found.
2025-04-01 00:29:27,465 [INFO] Visible cards: 4
2025-04-01 00:29:27,874 [INFO] Data successfully written to file Output_04012025.xlsx
2025-04-01 00:29:33,904 [INFO] Loaded successfully for Zip Code: 46410
2025-04-01 00:29:39,035 [INFO] Provider pop-up container not found for gas.
2025-04-01 00:29:39,035 [INFO] No provider pop-up present for gas.
2025-04-01 00:29:44,228 [INFO] No 'Natural Gas' tab found.
2025-04-01 00:29:46,291 [INFO] No 'View More' button found.
2025-04-01 00:29:46,358 [INFO] Visible cards: 3
2025-04-01 00:29:46,675 [INFO] Data successfully written to file Output_04012025.xlsx
2025-04-01 00:29:53,317 [INFO] Loaded successfully for Zip Code: 60015
2025-04-01 00:29:53,353 [INFO] For Zip Code 60015, gas utility found is: North Shore Gas
2025-04-01 00:29:54,432 [INFO] Clicked provider radio button for gas utility: North Shore Gas
2025-04-01 00:29:54,564 [INFO] Clicked 'Not Interested' for electricity.
2025-04-01 00:30:01,007 [INFO] No 'Natural Gas' tab found.
2025-04-01 00:30:03,081 [INFO] No 'View More' button found.
2025-04-01 00:30:03,228 [INFO] Visible cards: 3
2025-04-01 00:30:03,572 [INFO] Data successfully written to file Output_04012025.xlsx
2025-04-01 00:30:10,178 [INFO] Loaded successfully for Zip Code: 07002
2025-04-01 00:30:15,652 [INFO] Provider pop-up container not found for gas.
2025-04-01 00:30:15,653 [INFO] No provider pop-up present for gas.
2025-04-01 00:30:16,685 [INFO] Clicked 'Natural Gas' tab.
2025-04-01 00:30:19,758 [INFO] No 'View More' button found.
2025-04-01 00:30:19,850 [INFO] Visible cards: 4
2025-04-01 00:30:20,231 [INFO] Data successfully written to file Output_04012025.xlsx
2025-04-01 00:30:27,167 [INFO] Loaded successfully for Zip Code: 60601
2025-04-01 00:30:27,592 [INFO] For Zip Code 60601, gas utility found is: Nicor Gas
2025-04-01 00:30:28,693 [INFO] Clicked provider radio button for gas utility: Nicor Gas
2025-04-01 00:30:28,885 [INFO] Clicked 'Not Interested' for electricity.
2025-04-01 00:30:35,267 [INFO] No 'Natural Gas' tab found.
2025-04-01 00:30:37,345 [INFO] No 'View More' button found.
2025-04-01 00:30:37,394 [INFO] Visible cards: 3
2025-04-01 00:30:37,760 [INFO] Data successfully written to file Output_04012025.xlsx
2025-04-01 00:30:44,461 [INFO] Loaded successfully for Zip Code: 60687
2025-04-01 00:30:49,833 [INFO] Provider pop-up container not found for gas.
2025-04-01 00:30:49,835 [INFO] No provider pop-up present for gas.
2025-04-01 00:30:55,035 [INFO] No 'Natural Gas' tab found.
2025-04-01 00:30:57,083 [INFO] No 'View More' button found.
2025-04-01 00:30:57,136 [INFO] Visible cards: 3
2025-04-01 00:30:57,515 [INFO] Data successfully written to file Output_04012025.xlsx
2025-04-01 00:31:04,173 [INFO] Loaded successfully for Zip Code: 43036
2025-04-01 00:31:09,451 [INFO] Provider pop-up container not found for gas.
2025-04-01 00:31:09,452 [INFO] No provider pop-up present for gas.
2025-04-01 00:31:10,757 [INFO] Clicked 'Natural Gas' tab.
2025-04-01 00:31:13,831 [INFO] No 'View More' button found.
2025-04-01 00:31:13,962 [INFO] Visible cards: 3
2025-04-01 00:31:14,287 [INFO] Data successfully written to file Output_04012025.xlsx
2025-04-01 00:31:20,995 [INFO] Loaded successfully for Zip Code: 45069
2025-04-01 00:31:26,384 [INFO] Provider pop-up container not found for gas.
2025-04-01 00:31:26,385 [INFO] No provider pop-up present for gas.
2025-04-01 00:31:27,779 [INFO] Clicked 'Natural Gas' tab.
2025-04-01 00:31:30,866 [INFO] No 'View More' button found.
2025-04-01 00:31:31,406 [INFO] Visible cards: 3
2025-04-01 00:31:31,958 [INFO] Data successfully written to file Output_04012025.xlsx
2025-04-01 00:31:38,316 [INFO] Loaded successfully for Zip Code: 44127
2025-04-01 00:31:43,372 [INFO] Provider pop-up container not found for gas.
2025-04-01 00:31:43,373 [INFO] No provider pop-up present for gas.
2025-04-01 00:31:44,332 [INFO] Clicked 'Natural Gas' tab.
2025-04-01 00:31:47,412 [INFO] No 'View More' button found.
2025-04-01 00:31:47,504 [INFO] Visible cards: 3
2025-04-01 00:31:47,800 [INFO] Data successfully written to file Output_04012025.xlsx
2025-04-01 00:31:53,986 [INFO] Loaded successfully for Zip Code: 43343
2025-04-01 00:31:59,017 [INFO] Provider pop-up container not found for gas.
2025-04-01 00:31:59,018 [INFO] No provider pop-up present for gas.
2025-04-01 00:32:00,015 [INFO] Clicked 'Natural Gas' tab.
2025-04-01 00:32:03,103 [INFO] No 'View More' button found.
2025-04-01 00:32:03,224 [INFO] Visible cards: 3
2025-04-01 00:32:03,557 [INFO] Data successfully written to file Output_04012025.xlsx
2025-04-01 00:32:06,210 [INFO] Web scrape is complete.
2025-04-01 00:32:06,662 [INFO] QC file completed.
