2025-03-18 11:07:57,834 [INFO] Loaded successfully for Zip Code: 06001
2025-03-18 11:08:03,066 [INFO] Provider pop-up container not found.
2025-03-18 11:08:03,066 [INFO] No provider pop-up present, skipping provider selection.
2025-03-18 11:08:04,433 [INFO] Clicked 'View More' button.
2025-03-18 11:08:07,474 [INFO] No 'View More' button found.
2025-03-18 11:08:07,600 [INFO] Visible cards: 8
2025-03-18 11:08:19,210 [INFO] Data successfully written to file Output_18032025.xlsx
2025-03-18 11:08:25,747 [INFO] Loaded successfully for Zip Code: 06006
2025-03-18 11:08:27,020 [INFO] For Zip Code 06006, utility found is: United Illuminating Company
2025-03-18 11:08:30,116 [INFO] Clicked provider radio button for utility: United Illuminating Company
2025-03-18 11:08:35,311 [INFO] No additional radio button present, continuing.
2025-03-18 11:08:40,886 [INFO] Clicked 'View More' button.
2025-03-18 11:08:43,952 [INFO] No 'View More' button found.
2025-03-18 11:08:44,083 [INFO] Visible cards: 8
2025-03-18 11:08:55,781 [INFO] Data successfully written to file Output_18032025.xlsx
2025-03-18 11:09:02,651 [INFO] Loaded successfully for Zip Code: 20001
2025-03-18 11:09:07,754 [INFO] Provider pop-up container not found.
2025-03-18 11:09:07,763 [INFO] No provider pop-up present, skipping provider selection.
2025-03-18 11:09:09,823 [INFO] No 'View More' button found.
2025-03-18 11:09:09,943 [INFO] Visible cards: 5
2025-03-18 11:09:17,500 [INFO] Data successfully written to file Output_18032025.xlsx
2025-03-18 11:09:27,415 [INFO] Loaded successfully for Zip Code: 19940
2025-03-18 11:09:32,644 [INFO] Provider pop-up container not found.
2025-03-18 11:09:32,644 [INFO] No provider pop-up present, skipping provider selection.
2025-03-18 11:09:34,721 [INFO] No 'View More' button found.
2025-03-18 11:09:34,830 [INFO] Visible cards: 5
2025-03-18 11:09:42,259 [INFO] Data successfully written to file Output_18032025.xlsx
2025-03-18 11:09:49,594 [INFO] Loaded successfully for Zip Code: 61401
2025-03-18 11:09:50,413 [INFO] For Zip Code 61401, utility found is: Ameren
2025-03-18 11:09:53,489 [INFO] Clicked provider radio button for utility: Ameren
2025-03-18 11:09:58,691 [INFO] No additional radio button present, continuing.
2025-03-18 11:10:04,299 [INFO] No 'View More' button found.
2025-03-18 11:10:04,367 [INFO] Visible cards: 5
2025-03-18 11:10:11,799 [INFO] Data successfully written to file Output_18032025.xlsx
2025-03-18 11:10:18,684 [INFO] Loaded successfully for Zip Code: 61525
2025-03-18 11:10:23,810 [INFO] Provider pop-up container not found.
2025-03-18 11:10:23,810 [INFO] No provider pop-up present, skipping provider selection.
2025-03-18 11:10:25,882 [INFO] No 'View More' button found.
2025-03-18 11:10:25,994 [INFO] Visible cards: 5
2025-03-18 11:10:33,410 [INFO] Data successfully written to file Output_18032025.xlsx
2025-03-18 11:10:39,870 [INFO] Loaded successfully for Zip Code: 62236
2025-03-18 11:10:40,434 [INFO] For Zip Code 62236, utility found is: Ameren
2025-03-18 11:10:43,506 [INFO] Clicked provider radio button for utility: Ameren
2025-03-18 11:10:48,682 [INFO] No additional radio button present, continuing.
2025-03-18 11:10:54,029 [INFO] No 'View More' button found.
2025-03-18 11:10:54,135 [INFO] Visible cards: 5
2025-03-18 11:11:01,461 [INFO] Data successfully written to file Output_18032025.xlsx
2025-03-18 11:11:08,230 [INFO] Loaded successfully for Zip Code: 62555
2025-03-18 11:11:13,583 [INFO] Provider pop-up container not found.
2025-03-18 11:11:13,584 [INFO] No provider pop-up present, skipping provider selection.
2025-03-18 11:11:15,639 [INFO] No 'View More' button found.
2025-03-18 11:11:15,698 [INFO] Visible cards: 5
2025-03-18 11:11:23,155 [INFO] Data successfully written to file Output_18032025.xlsx
2025-03-18 11:11:30,114 [INFO] Loaded successfully for Zip Code: 60668
2025-03-18 11:11:35,142 [INFO] Provider pop-up container not found.
2025-03-18 11:11:35,143 [INFO] No provider pop-up present, skipping provider selection.
2025-03-18 11:11:37,206 [INFO] No 'View More' button found.
2025-03-18 11:11:37,327 [INFO] Visible cards: 5
2025-03-18 11:11:44,724 [INFO] Data successfully written to file Output_18032025.xlsx
2025-03-18 11:11:51,717 [INFO] Loaded successfully for Zip Code: 01072
2025-03-18 11:11:57,220 [INFO] Provider pop-up container not found.
2025-03-18 11:11:57,220 [INFO] No provider pop-up present, skipping provider selection.
2025-03-18 11:11:59,293 [INFO] No 'View More' button found.
2025-03-18 11:11:59,362 [INFO] Visible cards: 5
2025-03-18 11:12:06,954 [INFO] Data successfully written to file Output_18032025.xlsx
2025-03-18 11:12:13,911 [INFO] Loaded successfully for Zip Code: 02119
2025-03-18 11:12:19,274 [INFO] Provider pop-up container not found.
2025-03-18 11:12:19,275 [INFO] No provider pop-up present, skipping provider selection.
2025-03-18 11:12:21,334 [INFO] No 'View More' button found.
2025-03-18 11:12:21,489 [INFO] Visible cards: 5
2025-03-18 11:12:29,023 [INFO] Data successfully written to file Output_18032025.xlsx
2025-03-18 11:12:35,754 [INFO] Loaded successfully for Zip Code: 03251
2025-03-18 11:12:40,885 [INFO] Provider pop-up container not found.
2025-03-18 11:12:40,885 [INFO] No provider pop-up present, skipping provider selection.
2025-03-18 11:12:42,164 [INFO] Clicked 'View More' button.
2025-03-18 11:12:45,235 [INFO] No 'View More' button found.
2025-03-18 11:12:45,348 [INFO] Visible cards: 7
2025-03-18 11:12:57,565 [INFO] Data successfully written to file Output_18032025.xlsx
2025-03-18 11:13:06,859 [INFO] Loaded successfully for Zip Code: 08401
2025-03-18 11:13:12,321 [INFO] Provider pop-up container not found.
2025-03-18 11:13:12,322 [INFO] No provider pop-up present, skipping provider selection.
2025-03-18 11:13:14,440 [INFO] No 'View More' button found.
